<?xml version="1.0" encoding="UTF-8"?>
<!-- Generated by org.testng.reporters.JUnitReportReporter -->
<testsuite skipped="0" hostname="DESKTOP-OP8NEPT" name="TestCases.BasicFunctionsTestCase" tests="1" failures="0" timestamp="2022-02-25T17:31:15 IST" time="2.738" errors="0">
  <testcase name="basicFunctionsTestCase" time="2.738" classname="TestCases.BasicFunctionsTestCase"/>
  <system-out/>
</testsuite> <!-- TestCases.BasicFunctionsTestCase -->
